Using pre-set license
Built from '2020.3/staging' branch; Version is '2020.3.21f1 (a38c86f6690f) revision 10718342'; Using compiler version '192528614'; Build Type 'Release'
OS: 'Windows 10 Pro; OS build 19044.1526; Version 2009; 64bit' Language: 'pl' Physical Memory: 8136 MB
BatchMode: 1, IsHumanControllingUs: 0, StartBugReporterOnCrash: 0, Is64bit: 1, IsPro: 0

COMMAND LINE ARGUMENTS:
C:\Program Files\Unity\Hub\Editor\2020.3.21f1\Editor\Unity.exe
-adb2
-batchMode
-noUpm
-name
AssetImportWorker0
-projectPath
C:/Unity/Bykis
-logFile
Logs/AssetImportWorker0.log
-srvPort
63121
Successfully changed project path to: C:/Unity/Bykis
C:/Unity/Bykis
Using Asset Import Pipeline V2.
Refreshing native plugins compatible for Editor in 54.48 ms, found 3 plugins.
Preloading 0 native plugins for Editor in 0.00 ms.
Initialize engine version: 2020.3.21f1 (a38c86f6690f)
[Subsystems] Discovering subsystems at path C:/Program Files/Unity/Hub/Editor/2020.3.21f1/Editor/Data/Resources/UnitySubsystems
[Subsystems] Discovering subsystems at path C:/Unity/Bykis/Assets
GfxDevice: creating device client; threaded=0
Direct3D:
    Version:  Direct3D 11.0 [level 11.1]
    Renderer: NVIDIA GeForce GTX 960 (ID=0x1401)
    Vendor:   
    VRAM:     4053 MB
    Driver:   30.0.14.9676
Initialize mono
Mono path[0] = 'C:/Program Files/Unity/Hub/Editor/2020.3.21f1/Editor/Data/Managed'
Mono path[1] = 'C:/Program Files/Unity/Hub/Editor/2020.3.21f1/Editor/Data/MonoBleedingEdge/lib/mono/unityjit'
Mono config path = 'C:/Program Files/Unity/Hub/Editor/2020.3.21f1/Editor/Data/MonoBleedingEdge/etc'
Using monoOptions --debugger-agent=transport=dt_socket,embedding=1,server=y,suspend=n,address=127.0.0.1:56680
Begin MonoManager ReloadAssembly
Registering precompiled unity dll's ...
Register platform support module: C:/Program Files/Unity/Hub/Editor/2020.3.21f1/Editor/Data/PlaybackEngines/WindowsStandaloneSupport/UnityEditor.WindowsStandalone.Extensions.dll
Registered in 0.003380 seconds.
Native extension for WindowsStandalone target not found
Refreshing native plugins compatible for Editor in 52.50 ms, found 3 plugins.
Preloading 0 native plugins for Editor in 0.00 ms.
Mono: successfully reloaded assembly
- Completed reload, in  1.460 seconds
Domain Reload Profiling:
	ReloadAssembly (1461ms)
		BeginReloadAssembly (75ms)
			ExecutionOrderSort (0ms)
			DisableScriptedObjects (0ms)
			BackupInstance (0ms)
			ReleaseScriptingObjects (0ms)
			CreateAndSetChildDomain (1ms)
		EndReloadAssembly (603ms)
			LoadAssemblies (72ms)
			RebuildTransferFunctionScriptingTraits (0ms)
			SetupTypeCache (211ms)
			ReleaseScriptCaches (0ms)
			RebuildScriptCaches (41ms)
			SetupLoadedEditorAssemblies (220ms)
				LogAssemblyErrors (0ms)
				InitializePlatformSupportModulesInManaged (6ms)
				SetLoadedEditorAssemblies (0ms)
				RefreshPlugins (53ms)
				BeforeProcessingInitializeOnLoad (20ms)
				ProcessInitializeOnLoadAttributes (103ms)
				ProcessInitializeOnLoadMethodAttributes (38ms)
				AfterProcessingInitializeOnLoad (0ms)
				EditorAssembliesLoaded (0ms)
			ExecutionOrderSort2 (0ms)
			AwakeInstancesAfterBackupRestoration (0ms)
Platform modules already initialized, skipping
Registering precompiled user dll's ...
Registered in 0.006074 seconds.
Begin MonoManager ReloadAssembly
Native extension for WindowsStandalone target not found
Refreshing native plugins compatible for Editor in 68.52 ms, found 3 plugins.
Preloading 0 native plugins for Editor in 0.00 ms.
Mono: successfully reloaded assembly
- Completed reload, in  1.655 seconds
Domain Reload Profiling:
	ReloadAssembly (1656ms)
		BeginReloadAssembly (232ms)
			ExecutionOrderSort (0ms)
			DisableScriptedObjects (9ms)
			BackupInstance (0ms)
			ReleaseScriptingObjects (0ms)
			CreateAndSetChildDomain (30ms)
		EndReloadAssembly (1329ms)
			LoadAssemblies (140ms)
			RebuildTransferFunctionScriptingTraits (0ms)
			SetupTypeCache (439ms)
			ReleaseScriptCaches (1ms)
			RebuildScriptCaches (61ms)
			SetupLoadedEditorAssemblies (527ms)
				LogAssemblyErrors (0ms)
				InitializePlatformSupportModulesInManaged (5ms)
				SetLoadedEditorAssemblies (0ms)
				RefreshPlugins (69ms)
				BeforeProcessingInitializeOnLoad (129ms)
				ProcessInitializeOnLoadAttributes (287ms)
				ProcessInitializeOnLoadMethodAttributes (25ms)
				AfterProcessingInitializeOnLoad (11ms)
				EditorAssembliesLoaded (0ms)
			ExecutionOrderSort2 (0ms)
			AwakeInstancesAfterBackupRestoration (9ms)
Platform modules already initialized, skipping
========================================================================
Worker process is ready to serve import requests
Launched and connected shader compiler UnityShaderCompiler.exe after 0.16 seconds
Refreshing native plugins compatible for Editor in 0.69 ms, found 3 plugins.
Preloading 0 native plugins for Editor in 0.00 ms.
Unloading 2182 Unused Serialized files (Serialized files now loaded: 0)
System memory in use before: 95.4 MB.
System memory in use after: 95.5 MB.

Unloading 28 unused Assets to reduce memory usage. Loaded Objects now: 2615.
Total: 4.443300 ms (FindLiveObjects: 0.268800 ms CreateObjectMapping: 0.189600 ms MarkObjects: 3.876100 ms  DeleteObjects: 0.107200 ms)

AssetImportParameters requested are different than current active one (requested -> active):
  custom:framework-win-MediaFoundation: 216162199b28c13a410421893ffa2e32 -> 
  custom:video-decoder-ogg-theora: a1e56fd34408186e4bbccfd4996cb3dc -> 
  custom:container-muxer-webm: aa71ff27fc2769a1b78a27578f13a17b -> 
  custom:container-demuxer-webm: 4f35f7cbe854078d1ac9338744f61a02 -> 
  custom:container-demuxer-ogg: 62fdf1f143b41e24485cea50d1cbac27 -> 
  custom:video-encoder-webm-vp8: eb34c28f22e8b96e1ab97ce403110664 -> 
  custom:video-decoder-webm-vp8: 9c59270c3fd7afecdb556c50c9e8de78 -> 
  custom:audio-decoder-ogg-vorbis: bf7c407c2cedff20999df2af8eb42d56 -> 
  custom:audio-encoder-webm-vorbis: bf7c407c2cedff20999df2af8eb42d56 -> 
========================================================================
Received Import Request.
  path: Assets
  artifactKey: Guid(00000000000000001000000000000000) Importer(815301076,1909f56bfc062723c751e8b465ee728b)
Start importing Assets using Guid(00000000000000001000000000000000) Importer(815301076,1909f56bfc062723c751e8b465ee728b)  -> (artifact id: '42d402b061de3733987d63b9cc3b64de') in 0.013027 seconds 
  Import took 0.018507 seconds .

========================================================================
Received Import Request.
  Time since last request: 80.279310 seconds.
  path: Assets/Assets
  artifactKey: Guid(883717ac22d456142b51ee35a8ec3533) Importer(815301076,1909f56bfc062723c751e8b465ee728b)
Start importing Assets/Assets using Guid(883717ac22d456142b51ee35a8ec3533) Importer(815301076,1909f56bfc062723c751e8b465ee728b)  -> (artifact id: 'ab4acc73aa80509d960211c948ccfb82') in 0.006103 seconds 
  Import took 0.012337 seconds .

========================================================================
Received Import Request.
  Time since last request: 7.441238 seconds.
  path: Assets/TileMap
  artifactKey: Guid(e6ef9e684b26a9e48ade19c98d8ac74e) Importer(815301076,1909f56bfc062723c751e8b465ee728b)
Start importing Assets/TileMap using Guid(e6ef9e684b26a9e48ade19c98d8ac74e) Importer(815301076,1909f56bfc062723c751e8b465ee728b)  -> (artifact id: '9997b755909aa9af95bf21a6defa4777') in 0.012369 seconds 
  Import took 0.017359 seconds .

========================================================================
Received Import Request.
  Time since last request: 22.411629 seconds.
  path: Assets/TileMap/TilePalette16x16.png
  artifactKey: Guid(8237d521b3e6716499804f577b69b564) Importer(815301076,1909f56bfc062723c751e8b465ee728b)
Start importing Assets/TileMap/TilePalette16x16.png using Guid(8237d521b3e6716499804f577b69b564) Importer(815301076,1909f56bfc062723c751e8b465ee728b)  -> (artifact id: '0442dc2a7320842cc32c975347041ff2') in 0.198721 seconds 
  Import took 0.205611 seconds .

========================================================================
Received Import Request.
  Time since last request: 41.880303 seconds.
  path: Assets/TileMap/TilePalette16x16.png
  artifactKey: Guid(8237d521b3e6716499804f577b69b564) Importer(815301076,1909f56bfc062723c751e8b465ee728b)
Start importing Assets/TileMap/TilePalette16x16.png using Guid(8237d521b3e6716499804f577b69b564) Importer(815301076,1909f56bfc062723c751e8b465ee728b)  -> (artifact id: '373f3b658e55c66748c9f595b6ba80c1') in 0.020449 seconds 
  Import took 0.031167 seconds .

========================================================================
Received Import Request.
  Time since last request: 25.628598 seconds.
  path: Assets/TileMap/TilePalette16x16.png
  artifactKey: Guid(8237d521b3e6716499804f577b69b564) Importer(815301076,1909f56bfc062723c751e8b465ee728b)
Start importing Assets/TileMap/TilePalette16x16.png using Guid(8237d521b3e6716499804f577b69b564) Importer(815301076,1909f56bfc062723c751e8b465ee728b)  -> (artifact id: 'c72cf0041087f6abd3101b22e6a7ed69') in 0.538022 seconds 
  Import took 0.545976 seconds .

========================================================================
Received Import Request.
  Time since last request: 223.667104 seconds.
  path: Assets/TileMap/Terrain.prefab
  artifactKey: Guid(b52ee16a0b4ac524a948eb0488ebd649) Importer(815301076,1909f56bfc062723c751e8b465ee728b)
Start importing Assets/TileMap/Terrain.prefab using Guid(b52ee16a0b4ac524a948eb0488ebd649) Importer(815301076,1909f56bfc062723c751e8b465ee728b)  -> (artifact id: 'fa6b4a4be871dd9b129a5e20c7934a91') in 0.082011 seconds 
  Import took 0.087023 seconds .

========================================================================
Received Import Request.
  Time since last request: 43.918651 seconds.
  path: Assets/TileMap/Terrain.prefab
  artifactKey: Guid(b52ee16a0b4ac524a948eb0488ebd649) Importer(815301076,1909f56bfc062723c751e8b465ee728b)
Start importing Assets/TileMap/Terrain.prefab using Guid(b52ee16a0b4ac524a948eb0488ebd649) Importer(815301076,1909f56bfc062723c751e8b465ee728b)  -> (artifact id: '04e37b5110691a1545603d3817501e83') in 0.103151 seconds 
  Import took 0.112465 seconds .

AssetImportWorkerClient::OnTransportError - code=2 error=End of file
